#-----------------------------------------------------------
# Vivado v2019.2 (64-bit)
# SW Build 2708876 on Wed Nov  6 21:40:23 MST 2019
# IP Build 2700528 on Thu Nov  7 00:09:20 MST 2019
# Start of session at: Tue Nov 15 19:13:38 2022
# Process ID: 16232
# Current directory: D:/Documents/Vivado/ECE4305/Lab/LAB_7
# Command line: vivado.exe -gui_launcher_event rodinguilauncherevent18912 D:\Documents\Vivado\ECE4305\Lab\LAB_7\LAB_7.xpr
# Log file: D:/Documents/Vivado/ECE4305/Lab/LAB_7/vivado.log
# Journal file: D:/Documents/Vivado/ECE4305/Lab/LAB_7\vivado.jou
#-----------------------------------------------------------
start_gui
open_project D:/Documents/Vivado/ECE4305/Lab/LAB_7/LAB_7.xpr
Scanning sources...
Finished scanning sources
INFO: [IP_Flow 19-234] Refreshing IP repositories
INFO: [IP_Flow 19-1704] No user IP repositories specified
INFO: [IP_Flow 19-2313] Loaded Vivado IP repository 'D:/Xilinx/Vivado/2019.2/data/ip'.
open_project: Time (s): cpu = 00:00:10 ; elapsed = 00:00:12 . Memory (MB): peak = 1219.445 ; gain = 561.785
update_compile_order -fileset sources_1
reset_run impl_1 -prev_step 
launch_runs impl_1 -to_step write_bitstream -jobs 6
[Tue Nov 15 19:14:09 2022] Launched impl_1...
Run output will be captured here: D:/Documents/Vivado/ECE4305/Lab/LAB_7/LAB_7.runs/impl_1/runme.log
write_hw_platform -fixed -force  -include_bit -file D:/Documents/Vivado/ECE4305/Lab/LAB_7/LAB_7.xsa
INFO: [Vivado 12-4895] Creating Hardware Platform: D:/Documents/Vivado/ECE4305/Lab/LAB_7/LAB_7.xsa ...
INFO: [Hsi 55-2053] elapsed time for repository (D:/Xilinx/Vivado/2019.2/data\embeddedsw) loading 0 seconds
WARNING: [Project 1-645] Board images not set in Hardware Platform.
INFO: [Vivado 12-4896] Successfully created Hardware Platform: D:/Documents/Vivado/ECE4305/Lab/LAB_7/LAB_7.xsa
exit
INFO: [Common 17-206] Exiting Vivado at Tue Nov 15 19:15:44 2022...
